
  .   ____          _            __ _ _
 /\\ / ___'_ __ _ _(_)_ __  __ _ \ \ \ \
( ( )\___ | '_ | '_| | '_ \/ _` | \ \ \ \
 \\/  ___)| |_)| | | | | || (_| |  ) ) ) )
  '  |____| .__|_| |_|_| |_\__, | / / / /
 =========|_|==============|___/=/_/_/_/
 :: Spring Boot ::               (v2.7.18)

2026-07-11 16:06:38.836  INFO 17404 --- [           main] com.iyd.IydApplication                   : Starting IydApplication v1.0.0 using Java 1.8.0_144 on LAPTOP-3SO2NF6P with PID 17404 (D:\fly\iyd\backend\target\iyd-learning-1.0.0.jar started by ĹŁłĐµt in C:\Users\ĹŁłĐµt\Documents\iyd)
2026-07-11 16:06:38.839  INFO 17404 --- [           main] com.iyd.IydApplication                   : No active profile set, falling back to 1 default profile: "default"
2026-07-11 16:06:39.554  INFO 17404 --- [           main] .s.d.r.c.RepositoryConfigurationDelegate : Multiple Spring Data modules found, entering strict repository configuration mode
2026-07-11 16:06:39.558  INFO 17404 --- [           main] .s.d.r.c.RepositoryConfigurationDelegate : Bootstrapping Spring Data Redis repositories in DEFAULT mode.
2026-07-11 16:06:39.590  INFO 17404 --- [           main] .s.d.r.c.RepositoryConfigurationDelegate : Finished Spring Data repository scanning in 12 ms. Found 0 Redis repository interfaces.
2026-07-11 16:06:41.640  INFO 17404 --- [           main] o.s.b.w.embedded.tomcat.TomcatWebServer  : Tomcat initialized with port(s): 8080 (http)
2026-07-11 16:06:41.656  INFO 17404 --- [           main] o.apache.catalina.core.StandardService   : Starting service [Tomcat]
2026-07-11 16:06:41.657  INFO 17404 --- [           main] org.apache.catalina.core.StandardEngine  : Starting Servlet engine: [Apache Tomcat/9.0.83]
2026-07-11 16:06:41.842  INFO 17404 --- [           main] o.a.c.c.C.[Tomcat].[localhost].[/]       : Initializing Spring embedded WebApplicationContext
2026-07-11 16:06:41.842  INFO 17404 --- [           main] w.s.c.ServletWebServerApplicationContext : Root WebApplicationContext: initialization completed in 2945 ms
2026-07-11 16:06:41.881  INFO 17404 --- [           main] com.zaxxer.hikari.HikariDataSource       : HikariPool-1 - Starting...
2026-07-11 16:06:42.298  INFO 17404 --- [           main] com.zaxxer.hikari.HikariDataSource       : HikariPool-1 - Start completed.
2026-07-11 16:06:42.311  INFO 17404 --- [           main] o.s.b.a.h2.H2ConsoleAutoConfiguration    : H2 console available at '/h2-console'. Database available at 'jdbc:h2:file:./data/iyd_learning'
 _ _   |_  _ _|_. ___ _ |    _ 
| | |\/|_)(_| | |_\  |_)||_|_\ 
     /               |         
                        3.5.3.1 
2026-07-11 16:06:46.355  INFO 17404 --- [           main] o.s.b.w.embedded.tomcat.TomcatWebServer  : Tomcat started on port(s): 8080 (http) with context path ''
2026-07-11 16:06:46.378  INFO 17404 --- [           main] com.iyd.IydApplication                   : Started IydApplication in 7.976 seconds (JVM running for 8.424)
